#! /usr/bin/vvp
:ivl_version "12.0 (stable)";
:ivl_delay_selection "TYPICAL";
:vpi_time_precision - 12;
:vpi_module "/usr/lib/x86_64-linux-gnu/ivl/system.vpi";
:vpi_module "/usr/lib/x86_64-linux-gnu/ivl/vhdl_sys.vpi";
:vpi_module "/usr/lib/x86_64-linux-gnu/ivl/vhdl_textio.vpi";
:vpi_module "/usr/lib/x86_64-linux-gnu/ivl/v2005_math.vpi";
:vpi_module "/usr/lib/x86_64-linux-gnu/ivl/va_math.vpi";
:vpi_module "/usr/lib/x86_64-linux-gnu/ivl/v2009.vpi";
S_0x5637aef09a40 .scope package, "$unit" "$unit" 2 1;
 .timescale 0 0;
S_0x5637aef09560 .scope module, "acc" "acc" 3 2;
 .timescale -9 -12;
    .port_info 0 /INPUT 1 "clk";
    .port_info 1 /INPUT 1 "rst_n";
    .port_info 2 /INPUT 1 "start";
    .port_info 3 /INPUT 1 "din";
    .port_info 4 /OUTPUT 8 "count";
o0x7f1dc5fda018 .functor BUFZ 1, C4<z>; HiZ drive
v0x5637aeee3230_0 .net "clk", 0 0, o0x7f1dc5fda018;  0 drivers
v0x5637aeee15c0_0 .var "count", 7 0;
o0x7f1dc5fda078 .functor BUFZ 1, C4<z>; HiZ drive
v0x5637aeee0640_0 .net "din", 0 0, o0x7f1dc5fda078;  0 drivers
o0x7f1dc5fda0a8 .functor BUFZ 1, C4<z>; HiZ drive
v0x5637aeee0a30_0 .net "rst_n", 0 0, o0x7f1dc5fda0a8;  0 drivers
o0x7f1dc5fda0d8 .functor BUFZ 1, C4<z>; HiZ drive
v0x5637aef0a7c0_0 .net "start", 0 0, o0x7f1dc5fda0d8;  0 drivers
E_0x5637aef05190 .event posedge, v0x5637aeee3230_0;
S_0x5637aeefb000 .scope module, "bm_project_tb" "bm_project_tb" 4 4;
 .timescale -9 -12;
P_0x5637aeefb190 .param/l "BOTTOM_VAL" 1 4 82, C4<0110>;
P_0x5637aeefb1d0 .param/l "NUM_TRIALS" 1 4 19, +C4<00000000000000000000000011001000>;
P_0x5637aeefb210 .param/l "NUM_W" 1 4 20, +C4<00000000000000000000000000000110>;
P_0x5637aeefb250 .param/l "TOP_VAL" 1 4 81, C4<1010>;
P_0x5637aeefb290 .param/l "W_WIDTH" 1 4 21, +C4<00000000000000000000000000100000>;
v0x5637aef33e60 .array/i "W_VALUES", 5 0, 31 0;
v0x5637aef33f40_0 .var "clk", 0 0;
v0x5637aef34000_0 .var/real "est", 0 0;
v0x5637aef340a0 .array/real "estimates", 1199 0;
v0x5637aef34140_0 .var/real "mean", 0 0;
v0x5637aef34230 .array/real "means", 5 0;
v0x5637aef342d0_0 .var "rst_n", 0 0;
v0x5637aef34370_0 .var/real "sq_sum", 0 0;
v0x5637aef34430_0 .var/real "sum", 0 0;
v0x5637aef344f0_0 .var/i "t", 31 0;
v0x5637aef345d0_0 .var/real "true_p", 0 0;
v0x5637aef34690_0 .var "ui_in", 7 0;
v0x5637aef34750_0 .net "uo_out", 7 0, L_0x5637aef36100;  1 drivers
v0x5637aef34820_0 .var/real "variance", 0 0;
v0x5637aef348c0 .array/real "variances", 5 0;
v0x5637aef34960_0 .var/i "w_idx", 31 0;
S_0x5637aef301f0 .scope module, "dut" "bm_project" 4 10, 5 3 0, S_0x5637aeefb000;
 .timescale -9 -12;
    .port_info 0 /INPUT 8 "ui_in";
    .port_info 1 /OUTPUT 8 "uo_out";
    .port_info 2 /OUTPUT 16 "count";
    .port_info 3 /OUTPUT 1 "stream";
    .port_info 4 /INPUT 1 "clk";
    .port_info 5 /INPUT 1 "rst_n";
L_0x5637aef358f0 .functor BUFZ 4, L_0x5637aef357b0, C4<0000>, C4<0000>, C4<0000>;
L_0x5637aef359e0 .functor BUFZ 4, L_0x5637aef35850, C4<0000>, C4<0000>, C4<0000>;
L_0x5637aef35f50 .functor AND 1, L_0x5637aef35c60, L_0x5637aef35dd0, C4<1>, C4<1>;
v0x5637aef31fb0_0 .net *"_ivl_16", 0 0, L_0x5637aef35c60;  1 drivers
v0x5637aef32090_0 .net *"_ivl_18", 0 0, L_0x5637aef35dd0;  1 drivers
v0x5637aef32150_0 .net "bottom", 3 0, L_0x5637aef35b90;  1 drivers
v0x5637aef32210_0 .net "clk", 0 0, v0x5637aef33f40_0;  1 drivers
v0x5637aef322b0_0 .net "count", 15 0, v0x5637aef323e0_0;  1 drivers
v0x5637aef323e0_0 .var "count_r", 15 0;
v0x5637aef324c0_0 .net "q_bot", 3 0, L_0x5637aef35850;  1 drivers
v0x5637aef325a0_0 .net "q_bot_full", 7 0, L_0x5637aef356c0;  1 drivers
v0x5637aef32660_0 .net "q_top", 3 0, L_0x5637aef357b0;  1 drivers
v0x5637aef327b0_0 .net "q_top_full", 7 0, L_0x5637aeee6ab0;  1 drivers
v0x5637aef32870_0 .net "rand_bottom", 3 0, L_0x5637aef359e0;  1 drivers
v0x5637aef32930_0 .net "rand_top", 3 0, L_0x5637aef358f0;  1 drivers
v0x5637aef32a10_0 .net "rst_n", 0 0, v0x5637aef342d0_0;  1 drivers
v0x5637aef32ab0_0 .net "stream", 0 0, L_0x5637aef35f50;  1 drivers
v0x5637aef32b70_0 .net "top", 3 0, L_0x5637aef35aa0;  1 drivers
v0x5637aef32c50_0 .net "ui_in", 7 0, v0x5637aef34690_0;  1 drivers
v0x5637aef32d30_0 .net "uo_out", 7 0, L_0x5637aef36100;  alias, 1 drivers
L_0x5637aef357b0 .part L_0x5637aeee6ab0, 4, 4;
L_0x5637aef35850 .part L_0x5637aef356c0, 0, 4;
L_0x5637aef35aa0 .part v0x5637aef34690_0, 4, 4;
L_0x5637aef35b90 .part v0x5637aef34690_0, 0, 4;
L_0x5637aef35c60 .cmp/gt 4, L_0x5637aef35aa0, L_0x5637aef358f0;
L_0x5637aef35dd0 .cmp/gt 4, L_0x5637aef35b90, L_0x5637aef359e0;
L_0x5637aef36100 .part v0x5637aef323e0_0, 0, 8;
S_0x5637aef303f0 .scope module, "u_lfsr_bot" "lfsr8" 5 30, 6 1 0, S_0x5637aef301f0;
 .timescale -9 -12;
    .port_info 0 /INPUT 1 "clk";
    .port_info 1 /INPUT 1 "rst_n";
    .port_info 2 /INPUT 1 "en";
    .port_info 3 /OUTPUT 8 "q";
P_0x5637aef305f0 .param/l "SEED" 0 6 2, C4<00000001>;
L_0x5637aef351e0 .functor XOR 1, L_0x5637aef35020, L_0x5637aef350c0, C4<0>, C4<0>;
L_0x5637aef35390 .functor XOR 1, L_0x5637aef351e0, L_0x5637aef352f0, C4<0>, C4<0>;
L_0x5637aef35600 .functor XOR 1, L_0x5637aef35390, L_0x5637aef354a0, C4<0>, C4<0>;
L_0x5637aef356c0 .functor BUFZ 8, v0x5637aef31090_0, C4<00000000>, C4<00000000>, C4<00000000>;
v0x5637aef306f0_0 .net *"_ivl_1", 0 0, L_0x5637aef35020;  1 drivers
v0x5637aef307f0_0 .net *"_ivl_11", 0 0, L_0x5637aef354a0;  1 drivers
v0x5637aef308d0_0 .net *"_ivl_3", 0 0, L_0x5637aef350c0;  1 drivers
v0x5637aef309c0_0 .net *"_ivl_4", 0 0, L_0x5637aef351e0;  1 drivers
v0x5637aef30aa0_0 .net *"_ivl_7", 0 0, L_0x5637aef352f0;  1 drivers
v0x5637aef30bd0_0 .net *"_ivl_8", 0 0, L_0x5637aef35390;  1 drivers
v0x5637aef30cb0_0 .net "clk", 0 0, v0x5637aef33f40_0;  alias, 1 drivers
L_0x7f1dc5f91060 .functor BUFT 1, C4<1>, C4<0>, C4<0>, C4<0>;
v0x5637aef30d70_0 .net "en", 0 0, L_0x7f1dc5f91060;  1 drivers
v0x5637aef30e30_0 .net "feedback", 0 0, L_0x5637aef35600;  1 drivers
v0x5637aef30ef0_0 .net "q", 7 0, L_0x5637aef356c0;  alias, 1 drivers
v0x5637aef30fd0_0 .net "rst_n", 0 0, v0x5637aef342d0_0;  alias, 1 drivers
v0x5637aef31090_0 .var "state", 7 0;
E_0x5637aef05a20 .event posedge, v0x5637aef30cb0_0;
L_0x5637aef35020 .part v0x5637aef31090_0, 7, 1;
L_0x5637aef350c0 .part v0x5637aef31090_0, 5, 1;
L_0x5637aef352f0 .part v0x5637aef31090_0, 4, 1;
L_0x5637aef354a0 .part v0x5637aef31090_0, 3, 1;
S_0x5637aef311f0 .scope module, "u_lfsr_top" "lfsr8" 5 23, 6 1 0, S_0x5637aef301f0;
 .timescale -9 -12;
    .port_info 0 /INPUT 1 "clk";
    .port_info 1 /INPUT 1 "rst_n";
    .port_info 2 /INPUT 1 "en";
    .port_info 3 /OUTPUT 8 "q";
P_0x5637aef313a0 .param/l "SEED" 0 6 2, C4<10100111>;
L_0x5637aeee04a0 .functor XOR 1, L_0x5637aef34a40, L_0x5637aef34b40, C4<0>, C4<0>;
L_0x5637aeee08d0 .functor XOR 1, L_0x5637aeee04a0, L_0x5637aef34cb0, C4<0>, C4<0>;
L_0x5637aef0a660 .functor XOR 1, L_0x5637aeee08d0, L_0x5637aef34df0, C4<0>, C4<0>;
L_0x5637aeee6ab0 .functor BUFZ 8, v0x5637aef31e40_0, C4<00000000>, C4<00000000>, C4<00000000>;
v0x5637aef31440_0 .net *"_ivl_1", 0 0, L_0x5637aef34a40;  1 drivers
v0x5637aef31540_0 .net *"_ivl_11", 0 0, L_0x5637aef34df0;  1 drivers
v0x5637aef31620_0 .net *"_ivl_3", 0 0, L_0x5637aef34b40;  1 drivers
v0x5637aef31710_0 .net *"_ivl_4", 0 0, L_0x5637aeee04a0;  1 drivers
v0x5637aef317f0_0 .net *"_ivl_7", 0 0, L_0x5637aef34cb0;  1 drivers
v0x5637aef31920_0 .net *"_ivl_8", 0 0, L_0x5637aeee08d0;  1 drivers
v0x5637aef31a00_0 .net "clk", 0 0, v0x5637aef33f40_0;  alias, 1 drivers
L_0x7f1dc5f91018 .functor BUFT 1, C4<1>, C4<0>, C4<0>, C4<0>;
v0x5637aef31aa0_0 .net "en", 0 0, L_0x7f1dc5f91018;  1 drivers
v0x5637aef31b40_0 .net "feedback", 0 0, L_0x5637aef0a660;  1 drivers
v0x5637aef31c90_0 .net "q", 7 0, L_0x5637aeee6ab0;  alias, 1 drivers
v0x5637aef31d70_0 .net "rst_n", 0 0, v0x5637aef342d0_0;  alias, 1 drivers
v0x5637aef31e40_0 .var "state", 7 0;
L_0x5637aef34a40 .part v0x5637aef31e40_0, 7, 1;
L_0x5637aef34b40 .part v0x5637aef31e40_0, 5, 1;
L_0x5637aef34cb0 .part v0x5637aef31e40_0, 4, 1;
L_0x5637aef34df0 .part v0x5637aef31e40_0, 3, 1;
S_0x5637aef32ed0 .scope task, "reset_dut" "reset_dut" 4 29, 4 29 0, S_0x5637aeefb000;
 .timescale -9 -12;
TD_bm_project_tb.reset_dut ;
    %pushi/vec4 0, 0, 1;
    %store/vec4 v0x5637aef342d0_0, 0, 1;
    %pushi/vec4 4, 0, 32;
T_0.0 %dup/vec4;
    %pushi/vec4 0, 0, 32;
    %cmp/s;
    %jmp/1xz T_0.1, 5;
    %jmp/1 T_0.1, 4;
    %pushi/vec4 1, 0, 32;
    %sub;
    %wait E_0x5637aef05a20;
    %jmp T_0.0;
T_0.1 ;
    %pop/vec4 1;
    %pushi/vec4 1, 0, 1;
    %store/vec4 v0x5637aef342d0_0, 0, 1;
    %wait E_0x5637aef05a20;
    %end;
S_0x5637aef330d0 .scope autotask, "run_example" "run_example" 4 46, 4 46 0, S_0x5637aeefb000;
 .timescale -9 -12;
v0x5637aef332b0_0 .var/i "W", 31 0;
v0x5637aef33370_0 .var "bot_val", 3 0;
v0x5637aef33450_0 .var/real "est", 0 0;
v0x5637aef33520_0 .var/i "i", 31 0;
v0x5637aef33600_0 .var "top_val", 3 0;
v0x5637aef33730_0 .var/real "true_p", 0 0;
TD_bm_project_tb.run_example ;
    %load/vec4 v0x5637aef33600_0;
    %cvt/rv;
    %pushi/real 1073741824, 4070; load=16.0000
    %div/wr;
    %load/vec4 v0x5637aef33370_0;
    %cvt/rv;
    %pushi/real 1073741824, 4070; load=16.0000
    %div/wr;
    %mul/wr;
    %store/real v0x5637aef33730_0;
    %fork TD_bm_project_tb.reset_dut, S_0x5637aef32ed0;
    %join;
    %load/vec4 v0x5637aef33600_0;
    %load/vec4 v0x5637aef33370_0;
    %concat/vec4; draw_concat_vec4
    %store/vec4 v0x5637aef34690_0, 0, 8;
    %vpi_call/w 4 58 "$display", "\012--- Example: top=%0d/16 * bot=%0d/16 = %.4f, W=%0d ---", v0x5637aef33600_0, v0x5637aef33370_0, v0x5637aef33730_0, v0x5637aef332b0_0 {0 0 0};
    %vpi_call/w 4 60 "$display", "  cycle | rand_top | rand_bot | stream | running_count | running_est" {0 0 0};
    %pushi/vec4 0, 0, 32;
    %store/vec4 v0x5637aef33520_0, 0, 32;
T_1.2 ;
    %load/vec4 v0x5637aef33520_0;
    %load/vec4 v0x5637aef332b0_0;
    %cmp/s;
    %jmp/0xz T_1.3, 5;
    %wait E_0x5637aef05a20;
    ; show_stmt_assign_vector: Get l-value for compressed += operand
    %load/vec4 v0x5637aef33520_0;
    %pushi/vec4 1, 0, 32;
    %add;
    %store/vec4 v0x5637aef33520_0, 0, 32;
    %jmp T_1.2;
T_1.3 ;
    %load/vec4 v0x5637aef322b0_0;
    %cvt/rv;
    %load/vec4 v0x5637aef332b0_0;
    %cvt/rv/s;
    %div/wr;
    %store/real v0x5637aef33450_0;
    %load/real v0x5637aef33450_0;
    %load/real v0x5637aef33730_0;
    %sub/wr;
    %vpi_call/w 4 73 "$display", "  => Estimate: %.4f  True: %.4f  Error: %.4f", v0x5637aef33450_0, v0x5637aef33730_0, W<0,r> {0 1 0};
    %end;
S_0x5637aef337f0 .scope autotask, "run_trial" "run_trial" 4 36, 4 36 0, S_0x5637aeefb000;
 .timescale -9 -12;
v0x5637aef339d0_0 .var/i "W", 31 0;
v0x5637aef33ad0_0 .var/i "count_end", 31 0;
v0x5637aef33bb0_0 .var/i "count_start", 31 0;
v0x5637aef33c70_0 .var/real "estimate", 0 0;
v0x5637aef33d30_0 .var/i "i", 31 0;
TD_bm_project_tb.run_trial ;
    %load/vec4 v0x5637aef322b0_0;
    %pad/u 32;
    %store/vec4 v0x5637aef33bb0_0, 0, 32;
    %pushi/vec4 0, 0, 32;
    %store/vec4 v0x5637aef33d30_0, 0, 32;
T_2.4 ;
    %load/vec4 v0x5637aef33d30_0;
    %load/vec4 v0x5637aef339d0_0;
    %cmp/s;
    %jmp/0xz T_2.5, 5;
    %wait E_0x5637aef05a20;
    ; show_stmt_assign_vector: Get l-value for compressed += operand
    %load/vec4 v0x5637aef33d30_0;
    %pushi/vec4 1, 0, 32;
    %add;
    %store/vec4 v0x5637aef33d30_0, 0, 32;
    %jmp T_2.4;
T_2.5 ;
    %load/vec4 v0x5637aef322b0_0;
    %pad/u 32;
    %store/vec4 v0x5637aef33ad0_0, 0, 32;
    %load/vec4 v0x5637aef33ad0_0;
    %load/vec4 v0x5637aef33bb0_0;
    %sub;
    %cvt/rv/s;
    %load/vec4 v0x5637aef339d0_0;
    %cvt/rv/s;
    %div/wr;
    %store/real v0x5637aef33c70_0;
    %end;
    .scope S_0x5637aef09560;
T_3 ;
    %wait E_0x5637aef05190;
    %load/vec4 v0x5637aeee0a30_0;
    %nor/r;
    %flag_set/vec4 8;
    %jmp/1 T_3.2, 8;
    %load/vec4 v0x5637aef0a7c0_0;
    %flag_set/vec4 9;
    %flag_or 8, 9;
T_3.2;
    %jmp/0xz  T_3.0, 8;
    %pushi/vec4 0, 0, 8;
    %assign/vec4 v0x5637aeee15c0_0, 0;
    %jmp T_3.1;
T_3.0 ;
    %load/vec4 v0x5637aeee15c0_0;
    %load/vec4 v0x5637aeee0640_0;
    %pad/u 8;
    %add;
    %assign/vec4 v0x5637aeee15c0_0, 0;
T_3.1 ;
    %jmp T_3;
    .thread T_3;
    .scope S_0x5637aef311f0;
T_4 ;
    %wait E_0x5637aef05a20;
    %load/vec4 v0x5637aef31d70_0;
    %nor/r;
    %flag_set/vec4 8;
    %jmp/0xz  T_4.0, 8;
    %pushi/vec4 167, 0, 8;
    %assign/vec4 v0x5637aef31e40_0, 0;
    %jmp T_4.1;
T_4.0 ;
    %load/vec4 v0x5637aef31aa0_0;
    %flag_set/vec4 8;
    %jmp/0xz  T_4.2, 8;
    %load/vec4 v0x5637aef31e40_0;
    %parti/s 7, 0, 2;
    %load/vec4 v0x5637aef31b40_0;
    %concat/vec4; draw_concat_vec4
    %assign/vec4 v0x5637aef31e40_0, 0;
T_4.2 ;
T_4.1 ;
    %jmp T_4;
    .thread T_4;
    .scope S_0x5637aef303f0;
T_5 ;
    %wait E_0x5637aef05a20;
    %load/vec4 v0x5637aef30fd0_0;
    %nor/r;
    %flag_set/vec4 8;
    %jmp/0xz  T_5.0, 8;
    %pushi/vec4 1, 0, 8;
    %assign/vec4 v0x5637aef31090_0, 0;
    %jmp T_5.1;
T_5.0 ;
    %load/vec4 v0x5637aef30d70_0;
    %flag_set/vec4 8;
    %jmp/0xz  T_5.2, 8;
    %load/vec4 v0x5637aef31090_0;
    %parti/s 7, 0, 2;
    %load/vec4 v0x5637aef30e30_0;
    %concat/vec4; draw_concat_vec4
    %assign/vec4 v0x5637aef31090_0, 0;
T_5.2 ;
T_5.1 ;
    %jmp T_5;
    .thread T_5;
    .scope S_0x5637aef301f0;
T_6 ;
    %wait E_0x5637aef05a20;
    %load/vec4 v0x5637aef32a10_0;
    %nor/r;
    %flag_set/vec4 8;
    %jmp/0xz  T_6.0, 8;
    %pushi/vec4 0, 0, 16;
    %assign/vec4 v0x5637aef323e0_0, 0;
    %jmp T_6.1;
T_6.0 ;
    %load/vec4 v0x5637aef323e0_0;
    %load/vec4 v0x5637aef32ab0_0;
    %pad/u 16;
    %add;
    %assign/vec4 v0x5637aef323e0_0, 0;
T_6.1 ;
    %jmp T_6;
    .thread T_6;
    .scope S_0x5637aeefb000;
T_7 ;
    %delay 5000, 0;
    %load/vec4 v0x5637aef33f40_0;
    %inv;
    %store/vec4 v0x5637aef33f40_0, 0, 1;
    %jmp T_7;
    .thread T_7;
    .scope S_0x5637aeefb000;
T_8 ;
    %vpi_call/w 4 85 "$dumpfile", "sim.vcd" {0 0 0};
    %vpi_call/w 4 86 "$dumpvars", 32'sb00000000000000000000000000000000, S_0x5637aeefb000 {0 0 0};
    %pushi/vec4 0, 0, 1;
    %store/vec4 v0x5637aef33f40_0, 0, 1;
    %pushi/vec4 0, 0, 1;
    %store/vec4 v0x5637aef342d0_0, 0, 1;
    %pushi/vec4 0, 0, 8;
    %store/vec4 v0x5637aef34690_0, 0, 8;
    %pushi/vec4 16, 0, 32;
    %ix/load 4, 0, 0;
    %flag_set/imm 4, 0;
    %store/vec4a v0x5637aef33e60, 4, 0;
    %pushi/vec4 32, 0, 32;
    %ix/load 4, 1, 0;
    %flag_set/imm 4, 0;
    %store/vec4a v0x5637aef33e60, 4, 0;
    %pushi/vec4 64, 0, 32;
    %ix/load 4, 2, 0;
    %flag_set/imm 4, 0;
    %store/vec4a v0x5637aef33e60, 4, 0;
    %pushi/vec4 128, 0, 32;
    %ix/load 4, 3, 0;
    %flag_set/imm 4, 0;
    %store/vec4a v0x5637aef33e60, 4, 0;
    %pushi/vec4 256, 0, 32;
    %ix/load 4, 4, 0;
    %flag_set/imm 4, 0;
    %store/vec4a v0x5637aef33e60, 4, 0;
    %pushi/vec4 512, 0, 32;
    %ix/load 4, 5, 0;
    %flag_set/imm 4, 0;
    %store/vec4a v0x5637aef33e60, 4, 0;
    %alloc S_0x5637aef330d0;
    %pushi/vec4 8, 0, 4;
    %store/vec4 v0x5637aef33600_0, 0, 4;
    %pushi/vec4 8, 0, 4;
    %store/vec4 v0x5637aef33370_0, 0, 4;
    %pushi/vec4 32, 0, 32;
    %store/vec4 v0x5637aef332b0_0, 0, 32;
    %fork TD_bm_project_tb.run_example, S_0x5637aef330d0;
    %join;
    %free S_0x5637aef330d0;
    %alloc S_0x5637aef330d0;
    %pushi/vec4 12, 0, 4;
    %store/vec4 v0x5637aef33600_0, 0, 4;
    %pushi/vec4 8, 0, 4;
    %store/vec4 v0x5637aef33370_0, 0, 4;
    %pushi/vec4 32, 0, 32;
    %store/vec4 v0x5637aef332b0_0, 0, 32;
    %fork TD_bm_project_tb.run_example, S_0x5637aef330d0;
    %join;
    %free S_0x5637aef330d0;
    %alloc S_0x5637aef330d0;
    %pushi/vec4 15, 0, 4;
    %store/vec4 v0x5637aef33600_0, 0, 4;
    %pushi/vec4 15, 0, 4;
    %store/vec4 v0x5637aef33370_0, 0, 4;
    %pushi/vec4 32, 0, 32;
    %store/vec4 v0x5637aef332b0_0, 0, 32;
    %fork TD_bm_project_tb.run_example, S_0x5637aef330d0;
    %join;
    %free S_0x5637aef330d0;
    %alloc S_0x5637aef330d0;
    %pushi/vec4 4, 0, 4;
    %store/vec4 v0x5637aef33600_0, 0, 4;
    %pushi/vec4 4, 0, 4;
    %store/vec4 v0x5637aef33370_0, 0, 4;
    %pushi/vec4 32, 0, 32;
    %store/vec4 v0x5637aef332b0_0, 0, 32;
    %fork TD_bm_project_tb.run_example, S_0x5637aef330d0;
    %join;
    %free S_0x5637aef330d0;
    %vpi_call/w 4 110 "$display", "\012\012=== Variance Sweep: top=%0d/16, bot=%0d/16 ===", P_0x5637aeefb250, P_0x5637aeefb190 {0 0 0};
    %pushi/real 2013265920, 4063; load=0.234375
    %store/real v0x5637aef345d0_0;
    %vpi_call/w 4 112 "$display", "True product: %.4f", v0x5637aef345d0_0 {0 0 0};
    %vpi_call/w 4 113 "$display", "%-8s | %-10s | %-10s | %-10s | %-14s", "W", "Mean", "Variance", "Std", "Predicted Std" {0 0 0};
    %vpi_call/w 4 115 "$display", "------------------------------------------------------------" {0 0 0};
    %pushi/vec4 0, 0, 32;
    %store/vec4 v0x5637aef34960_0, 0, 32;
T_8.0 ;
    %load/vec4 v0x5637aef34960_0;
    %cmpi/s 6, 0, 32;
    %jmp/0xz T_8.1, 5;
    %pushi/real 0, 4065; load=0.00000
    %store/real v0x5637aef34430_0;
    %pushi/real 0, 4065; load=0.00000
    %store/real v0x5637aef34370_0;
    %fork TD_bm_project_tb.reset_dut, S_0x5637aef32ed0;
    %join;
    %pushi/vec4 166, 0, 8;
    %store/vec4 v0x5637aef34690_0, 0, 8;
    %pushi/vec4 0, 0, 32;
    %store/vec4 v0x5637aef344f0_0, 0, 32;
T_8.2 ;
    %load/vec4 v0x5637aef344f0_0;
    %cmpi/s 200, 0, 32;
    %jmp/0xz T_8.3, 5;
    %alloc S_0x5637aef337f0;
    %ix/getv/s 4, v0x5637aef34960_0;
    %load/vec4a v0x5637aef33e60, 4;
    %store/vec4 v0x5637aef339d0_0, 0, 32;
    %fork TD_bm_project_tb.run_trial, S_0x5637aef337f0;
    %join;
    %load/real v0x5637aef33c70_0;
    %store/real v0x5637aef34000_0;
    %free S_0x5637aef337f0;
    %load/real v0x5637aef34000_0;
    %load/vec4 v0x5637aef34960_0;
    %pad/s 40;
    %pad/s 48;
    %muli 200, 0, 48;
    %pad/s 49;
    %load/vec4 v0x5637aef344f0_0;
    %pad/s 49;
    %add;
    %ix/vec4/s 4;
    %store/reala v0x5637aef340a0, 4;
    ; show_stmt_assign_real: Get l-value for compressed += operand
    %load/real v0x5637aef34430_0;
    %load/real v0x5637aef34000_0;
    %add/wr;
    %store/real v0x5637aef34430_0;
    ; show_stmt_assign_real: Get l-value for compressed += operand
    %load/real v0x5637aef34370_0;
    %load/real v0x5637aef34000_0;
    %load/real v0x5637aef34000_0;
    %mul/wr;
    %add/wr;
    %store/real v0x5637aef34370_0;
    ; show_stmt_assign_vector: Get l-value for compressed += operand
    %load/vec4 v0x5637aef344f0_0;
    %pushi/vec4 1, 0, 32;
    %add;
    %store/vec4 v0x5637aef344f0_0, 0, 32;
    %jmp T_8.2;
T_8.3 ;
    %load/real v0x5637aef34430_0;
    %pushi/real 1677721600, 4073; load=200.000
    %div/wr;
    %store/real v0x5637aef34140_0;
    %load/real v0x5637aef34370_0;
    %pushi/real 1677721600, 4073; load=200.000
    %div/wr;
    %load/real v0x5637aef34140_0;
    %load/real v0x5637aef34140_0;
    %mul/wr;
    %sub/wr;
    %store/real v0x5637aef34820_0;
    %load/real v0x5637aef34140_0;
    %ix/getv/s 4, v0x5637aef34960_0;
    %store/reala v0x5637aef34230, 4;
    %load/real v0x5637aef34820_0;
    %ix/getv/s 4, v0x5637aef34960_0;
    %store/reala v0x5637aef348c0, 4;
    %vpi_func/r 4 136 "$sqrt", v0x5637aef34820_0 {0 0 0};
    %load/real v0x5637aef345d0_0;
    %pushi/real 1073741824, 4066; load=1.00000
    %load/real v0x5637aef345d0_0;
    %sub/wr;
    %mul/wr;
    %ix/getv/s 4, v0x5637aef34960_0;
    %load/vec4a v0x5637aef33e60, 4;
    %cvt/rv/s;
    %div/wr;
    %vpi_func/r 4 137 "$sqrt", W<0,r> {0 1 0};
    %vpi_call/w 4 135 "$display", "%-8d | %-10.4f | %-10.6f | %-10.6f | %-14.6f", &A<v0x5637aef33e60, v0x5637aef34960_0 >, v0x5637aef34140_0, v0x5637aef34820_0, W<1,r>, W<0,r> {0 2 0};
    ; show_stmt_assign_vector: Get l-value for compressed += operand
    %load/vec4 v0x5637aef34960_0;
    %pushi/vec4 1, 0, 32;
    %add;
    %store/vec4 v0x5637aef34960_0, 0, 32;
    %jmp T_8.0;
T_8.1 ;
    %vpi_call/w 4 140 "$display", "\012Done." {0 0 0};
    %vpi_call/w 4 141 "$finish" {0 0 0};
    %end;
    .thread T_8;
# The file index is used to find the file name in the following table.
:file_names 7;
    "N/A";
    "<interactive>";
    "-";
    "src/acc.sv";
    "src/bm_project_tb.sv";
    "src/bm_project.sv";
    "src/lfsr.sv";
